# JRE version: OpenJDK Runtime Environment Temurin-21.0.11+10 (21.0.11+10) (build 21.0.11+10-LTS)
# Java VM: OpenJDK 64-Bit Server VM Temurin-21.0.11+10 (21.0.11+10-LTS, mixed mode, sharing, tiered, compressed oops, compressed class ptrs, g1 gc, windows-amd64)
GC Precious Log:
 CardTable entry size: 512
 Card Set container configuration: InlinePtr #cards 5 size 8 Array Of Cards #cards 12 size 40 Howl #buckets 4 coarsen threshold 1843 Howl Bitmap #cards 512 size 80 coarsen threshold 460 Card regions per heap region 1 cards per card region 2048
 CPUs: 8 total, 8 available
 Memory: 7937M
 Large Page Support: Disabled
 NUMA Support: Disabled
 Compressed Oops: Enabled (32-bit)
 Heap Region Size: 1M
 Heap Min Capacity: 8M
 Heap Initial Capacity: 126M
 Heap Max Capacity: 1986M
 Pre-touch: Disabled
 Parallel Workers: 8
 Concurrent Workers: 2
 Concurrent Refinement Workers: 8
 Periodic GC: Disabled
Heap:
 garbage-first heap   total 70656K, used 58528K [0x0000000083e00000, 0x0000000100000000)
  region size 1024K, 33 young (33792K), 3 survivors (3072K)
 Metaspace       used 47892K, committed 48448K, reserved 1114112K
  class space    used 6603K, committed 6848K, reserved 1048576K
GC Heap History (20 events):
Event: 1.137 GC heap before
{Heap before GC invocations=0 (full 0):
 garbage-first heap   total 129024K, used 23552K [0x0000000083e00000, 0x0000000100000000)
  region size 1024K, 23 young (23552K), 0 survivors (0K)
 Metaspace       used 4222K, committed 4416K, reserved 1114112K
  class space    used 464K, committed 576K, reserved 1048576K
}
Event: 1.146 GC heap after
{Heap after GC invocations=1 (full 0):
 garbage-first heap   total 129024K, used 10581K [0x0000000083e00000, 0x0000000100000000)
  region size 1024K, 3 young (3072K), 3 survivors (3072K)
 Metaspace       used 4222K, committed 4416K, reserved 1114112K
  class space    used 464K, committed 576K, reserved 1048576K
}
Event: 2.568 GC heap before
{Heap before GC invocations=1 (full 0):
 garbage-first heap   total 129024K, used 35157K [0x0000000083e00000, 0x0000000100000000)
  region size 1024K, 27 young (27648K), 3 survivors (3072K)
 Metaspace       used 10364K, committed 10560K, reserved 1114112K
  class space    used 1251K, committed 1344K, reserved 1048576K
}
Event: 2.578 GC heap after
{Heap after GC invocations=2 (full 0):
 garbage-first heap   total 129024K, used 12766K [0x0000000083e00000, 0x0000000100000000)
  region size 1024K, 3 young (3072K), 3 survivors (3072K)
 Metaspace       used 10364K, committed 10560K, reserved 1114112K
  class space    used 1251K, committed 1344K, reserved 1048576K
}
Event: 4.239 GC heap before
{Heap before GC invocations=2 (full 0):
 garbage-first heap   total 129024K, used 59870K [0x0000000083e00000, 0x0000000100000000)
  region size 1024K, 51 young (52224K), 3 survivors (3072K)
 Metaspace       used 21285K, committed 21504K, reserved 1114112K
  class space    used 2834K, committed 2944K, reserved 1048576K
}
Event: 4.245 GC heap after
{Heap after GC invocations=3 (full 0):
 garbage-first heap   total 129024K, used 16427K [0x0000000083e00000, 0x0000000100000000)
  region size 1024K, 6 young (6144K), 6 survivors (6144K)
 Metaspace       used 21285K, committed 21504K, reserved 1114112K
  class space    used 2834K, committed 2944K, reserved 1048576K
}
Event: 5.634 GC heap before
{Heap before GC invocations=4 (full 0):
 garbage-first heap   total 58368K, used 45099K [0x0000000083e00000, 0x0000000100000000)
  region size 1024K, 34 young (34816K), 6 survivors (6144K)
 Metaspace       used 25321K, committed 25728K, reserved 1114112K
  class space    used 3345K, committed 3520K, reserved 1048576K
}
Event: 5.644 GC heap after
{Heap after GC invocations=5 (full 0):
 garbage-first heap   total 58368K, used 19539K [0x0000000083e00000, 0x0000000100000000)
  region size 1024K, 4 young (4096K), 4 survivors (4096K)
 Metaspace       used 25321K, committed 25728K, reserved 1114112K
  class space    used 3345K, committed 3520K, reserved 1048576K
}
Event: 6.524 GC heap before
{Heap before GC invocations=5 (full 0):
 garbage-first heap   total 58368K, used 40019K [0x0000000083e00000, 0x0000000100000000)
  region size 1024K, 25 young (25600K), 4 survivors (4096K)
 Metaspace       used 27508K, committed 27840K, reserved 1114112K
  class space    used 3600K, committed 3776K, reserved 1048576K
}
Event: 6.535 GC heap after
{Heap after GC invocations=6 (full 0):
 garbage-first heap   total 58368K, used 22291K [0x0000000083e00000, 0x0000000100000000)
  region size 1024K, 3 young (3072K), 3 survivors (3072K)
 Metaspace       used 27508K, committed 27840K, reserved 1114112K
  class space    used 3600K, committed 3776K, reserved 1048576K
}
Event: 6.910 GC heap before
{Heap before GC invocations=6 (full 0):
 garbage-first heap   total 58368K, used 44819K [0x0000000083e00000, 0x0000000100000000)
  region size 1024K, 25 young (25600K), 3 survivors (3072K)
 Metaspace       used 29482K, committed 29824K, reserved 1114112K
  class space    used 3853K, committed 4032K, reserved 1048576K
}
Event: 6.919 GC heap after
{Heap after GC invocations=7 (full 0):
 garbage-first heap   total 58368K, used 23389K [0x0000000083e00000, 0x0000000100000000)
  region size 1024K, 2 young (2048K), 2 survivors (2048K)
 Metaspace       used 29482K, committed 29824K, reserved 1114112K
  class space    used 3853K, committed 4032K, reserved 1048576K
}
Event: 7.479 GC heap before
{Heap before GC invocations=7 (full 0):
 garbage-first heap   total 58368K, used 46941K [0x0000000083e00000, 0x0000000100000000)
  region size 1024K, 25 young (25600K), 2 survivors (2048K)
 Metaspace       used 31771K, committed 32128K, reserved 1114112K
  class space    used 4186K, committed 4352K, reserved 1048576K
}
Event: 7.484 GC heap after
{Heap after GC invocations=8 (full 0):
 garbage-first heap   total 58368K, used 25369K [0x0000000083e00000, 0x0000000100000000)
  region size 1024K, 4 young (4096K), 4 survivors (4096K)
 Metaspace       used 31771K, committed 32128K, reserved 1114112K
  class space    used 4186K, committed 4352K, reserved 1048576K
}
Event: 8.289 GC heap before
{Heap before GC invocations=8 (full 0):
 garbage-first heap   total 58368K, used 43801K [0x0000000083e00000, 0x0000000100000000)
  region size 1024K, 23 young (23552K), 4 survivors (4096K)
 Metaspace       used 35796K, committed 36160K, reserved 1114112K
  class space    used 4759K, committed 4928K, reserved 1048576K
}
Event: 8.299 GC heap after
{Heap after GC invocations=9 (full 0):
 garbage-first heap   total 58368K, used 26600K [0x0000000083e00000, 0x0000000100000000)
  region size 1024K, 4 young (4096K), 4 survivors (4096K)
 Metaspace       used 35796K, committed 36160K, reserved 1114112K
  class space    used 4759K, committed 4928K, reserved 1048576K
}
Event: 9.022 GC heap before
{Heap before GC invocations=10 (full 0):
 garbage-first heap   total 58368K, used 48104K [0x0000000083e00000, 0x0000000100000000)
  region size 1024K, 25 young (25600K), 4 survivors (4096K)
 Metaspace       used 40395K, committed 40896K, reserved 1114112K
  class space    used 5606K, committed 5824K, reserved 1048576K
}
Event: 9.032 GC heap after
{Heap after GC invocations=11 (full 0):
 garbage-first heap   total 58368K, used 28241K [0x0000000083e00000, 0x0000000100000000)
  region size 1024K, 3 young (3072K), 3 survivors (3072K)
 Metaspace       used 40395K, committed 40896K, reserved 1114112K
  class space    used 5606K, committed 5824K, reserved 1048576K
}
Event: 10.586 GC heap before
{Heap before GC invocations=11 (full 0):
 garbage-first heap   total 58368K, used 49745K [0x0000000083e00000, 0x0000000100000000)
  region size 1024K, 24 young (24576K), 3 survivors (3072K)
 Metaspace       used 44074K, committed 44672K, reserved 1114112K
  class space    used 6081K, committed 6336K, reserved 1048576K
}
Event: 10.598 GC heap after
{Heap after GC invocations=12 (full 0):
 garbage-first heap   total 70656K, used 28832K [0x0000000083e00000, 0x0000000100000000)
  region size 1024K, 3 young (3072K), 3 survivors (3072K)
 Metaspace       used 44074K, committed 44672K, reserved 1114112K
  class space    used 6081K, committed 6336K, reserved 1048576K
}

