# JRE version: OpenJDK Runtime Environment Temurin-21.0.11+10 (21.0.11+10) (build 21.0.11+10-LTS)
# Java VM: OpenJDK 64-Bit Server VM Temurin-21.0.11+10 (21.0.11+10-LTS, mixed mode, sharing, tiered, compressed oops, compressed class ptrs, g1 gc, windows-amd64)
GC Precious Log:
 CardTable entry size: 512
 Card Set container configuration: InlinePtr #cards 5 size 8 Array Of Cards #cards 12 size 40 Howl #buckets 4 coarsen threshold 1843 Howl Bitmap #cards 512 size 80 coarsen threshold 460 Card regions per heap region 1 cards per card region 2048
 CPUs: 8 total, 8 available
 Memory: 7937M
 Large Page Support: Disabled
 NUMA Support: Disabled
 Compressed Oops: Enabled (32-bit)
 Heap Region Size: 1M
 Heap Min Capacity: 8M
 Heap Initial Capacity: 126M
 Heap Max Capacity: 1986M
 Pre-touch: Disabled
 Parallel Workers: 8
 Concurrent Workers: 2
 Concurrent Refinement Workers: 8
 Periodic GC: Disabled
Heap:
 garbage-first heap   total 245760K, used 178117K [0x0000000083e00000, 0x0000000100000000)
  region size 1024K, 64 young (65536K), 8 survivors (8192K)
 Metaspace       used 38974K, committed 39552K, reserved 1114112K
  class space    used 4238K, committed 4544K, reserved 1048576K
GC Heap History (20 events):
Event: 19.190 GC heap before
{Heap before GC invocations=17 (full 0):
 garbage-first heap   total 151552K, used 138564K [0x0000000083e00000, 0x0000000100000000)
  region size 1024K, 74 young (75776K), 4 survivors (4096K)
 Metaspace       used 30734K, committed 31232K, reserved 1114112K
  class space    used 3429K, committed 3648K, reserved 1048576K
}
Event: 19.199 GC heap after
{Heap after GC invocations=18 (full 0):
 garbage-first heap   total 222208K, used 67500K [0x0000000083e00000, 0x0000000100000000)
  region size 1024K, 4 young (4096K), 4 survivors (4096K)
 Metaspace       used 30734K, committed 31232K, reserved 1114112K
  class space    used 3429K, committed 3648K, reserved 1048576K
}
Event: 22.328 GC heap before
{Heap before GC invocations=18 (full 0):
 garbage-first heap   total 222208K, used 198572K [0x0000000083e00000, 0x0000000100000000)
  region size 1024K, 130 young (133120K), 4 survivors (4096K)
 Metaspace       used 33658K, committed 34240K, reserved 1114112K
  class space    used 3711K, committed 3968K, reserved 1048576K
}
Event: 22.342 GC heap after
{Heap after GC invocations=19 (full 0):
 garbage-first heap   total 222208K, used 71680K [0x0000000083e00000, 0x0000000100000000)
  region size 1024K, 7 young (7168K), 7 survivors (7168K)
 Metaspace       used 33658K, committed 34240K, reserved 1114112K
  class space    used 3711K, committed 3968K, reserved 1048576K
}
Event: 24.779 GC heap before
{Heap before GC invocations=19 (full 0):
 garbage-first heap   total 222208K, used 202752K [0x0000000083e00000, 0x0000000100000000)
  region size 1024K, 130 young (133120K), 7 survivors (7168K)
 Metaspace       used 33869K, committed 34432K, reserved 1114112K
  class space    used 3723K, committed 3968K, reserved 1048576K
}
Event: 24.806 GC heap after
{Heap after GC invocations=20 (full 0):
 garbage-first heap   total 245760K, used 109818K [0x0000000083e00000, 0x0000000100000000)
  region size 1024K, 17 young (17408K), 17 survivors (17408K)
 Metaspace       used 33869K, committed 34432K, reserved 1114112K
  class space    used 3723K, committed 3968K, reserved 1048576K
}
Event: 25.729 GC heap before
{Heap before GC invocations=20 (full 0):
 garbage-first heap   total 245760K, used 199930K [0x0000000083e00000, 0x0000000100000000)
  region size 1024K, 106 young (108544K), 17 survivors (17408K)
 Metaspace       used 35276K, committed 35840K, reserved 1114112K
  class space    used 3878K, committed 4096K, reserved 1048576K
}
Event: 25.745 GC heap after
{Heap after GC invocations=21 (full 0):
 garbage-first heap   total 245760K, used 115708K [0x0000000083e00000, 0x0000000100000000)
  region size 1024K, 5 young (5120K), 5 survivors (5120K)
 Metaspace       used 35276K, committed 35840K, reserved 1114112K
  class space    used 3878K, committed 4096K, reserved 1048576K
}
Event: 26.033 GC heap before
{Heap before GC invocations=21 (full 0):
 garbage-first heap   total 245760K, used 207868K [0x0000000083e00000, 0x0000000100000000)
  region size 1024K, 95 young (97280K), 5 survivors (5120K)
 Metaspace       used 35290K, committed 35904K, reserved 1114112K
  class space    used 3878K, committed 4160K, reserved 1048576K
}
Event: 26.037 GC heap after
{Heap after GC invocations=22 (full 0):
 garbage-first heap   total 245760K, used 115696K [0x0000000083e00000, 0x0000000100000000)
  region size 1024K, 5 young (5120K), 5 survivors (5120K)
 Metaspace       used 35290K, committed 35904K, reserved 1114112K
  class space    used 3878K, committed 4160K, reserved 1048576K
}
Event: 26.408 GC heap before
{Heap before GC invocations=22 (full 0):
 garbage-first heap   total 245760K, used 215024K [0x0000000083e00000, 0x0000000100000000)
  region size 1024K, 102 young (104448K), 5 survivors (5120K)
 Metaspace       used 35336K, committed 35904K, reserved 1114112K
  class space    used 3882K, committed 4160K, reserved 1048576K
}
Event: 26.414 GC heap after
{Heap after GC invocations=23 (full 0):
 garbage-first heap   total 245760K, used 117113K [0x0000000083e00000, 0x0000000100000000)
  region size 1024K, 7 young (7168K), 7 survivors (7168K)
 Metaspace       used 35336K, committed 35904K, reserved 1114112K
  class space    used 3882K, committed 4160K, reserved 1048576K
}
Event: 26.873 GC heap before
{Heap before GC invocations=23 (full 0):
 garbage-first heap   total 245760K, used 212345K [0x0000000083e00000, 0x0000000100000000)
  region size 1024K, 101 young (103424K), 7 survivors (7168K)
 Metaspace       used 35444K, committed 36032K, reserved 1114112K
  class space    used 3893K, committed 4160K, reserved 1048576K
}
Event: 26.879 GC heap after
{Heap after GC invocations=24 (full 0):
 garbage-first heap   total 245760K, used 117982K [0x0000000083e00000, 0x0000000100000000)
  region size 1024K, 8 young (8192K), 8 survivors (8192K)
 Metaspace       used 35444K, committed 36032K, reserved 1114112K
  class space    used 3893K, committed 4160K, reserved 1048576K
}
Event: 27.629 GC heap before
{Heap before GC invocations=24 (full 0):
 garbage-first heap   total 245760K, used 225502K [0x0000000083e00000, 0x0000000100000000)
  region size 1024K, 110 young (112640K), 8 survivors (8192K)
 Metaspace       used 35603K, committed 36160K, reserved 1114112K
  class space    used 3908K, committed 4160K, reserved 1048576K
}
Event: 27.637 GC heap after
{Heap after GC invocations=25 (full 0):
 garbage-first heap   total 245760K, used 123396K [0x0000000083e00000, 0x0000000100000000)
  region size 1024K, 10 young (10240K), 10 survivors (10240K)
 Metaspace       used 35603K, committed 36160K, reserved 1114112K
  class space    used 3908K, committed 4160K, reserved 1048576K
}
Event: 28.207 GC heap before
{Heap before GC invocations=25 (full 0):
 garbage-first heap   total 245760K, used 225796K [0x0000000083e00000, 0x0000000100000000)
  region size 1024K, 110 young (112640K), 10 survivors (10240K)
 Metaspace       used 35693K, committed 36224K, reserved 1114112K
  class space    used 3908K, committed 4160K, reserved 1048576K
}
Event: 28.215 GC heap after
{Heap after GC invocations=26 (full 0):
 garbage-first heap   total 245760K, used 124761K [0x0000000083e00000, 0x0000000100000000)
  region size 1024K, 7 young (7168K), 7 survivors (7168K)
 Metaspace       used 35693K, committed 36224K, reserved 1114112K
  class space    used 3908K, committed 4160K, reserved 1048576K
}
Event: 29.711 GC heap before
{Heap before GC invocations=27 (full 0):
 garbage-first heap   total 245760K, used 224089K [0x0000000083e00000, 0x0000000100000000)
  region size 1024K, 108 young (110592K), 7 survivors (7168K)
 Metaspace       used 35732K, committed 36352K, reserved 1114112K
  class space    used 3910K, committed 4160K, reserved 1048576K
}
Event: 29.719 GC heap after
{Heap after GC invocations=28 (full 0):
 garbage-first heap   total 245760K, used 121797K [0x0000000083e00000, 0x0000000100000000)
  region size 1024K, 8 young (8192K), 8 survivors (8192K)
 Metaspace       used 35732K, committed 36352K, reserved 1114112K
  class space    used 3910K, committed 4160K, reserved 1048576K
}

