# JRE version: OpenJDK Runtime Environment Temurin-21.0.11+10 (21.0.11+10) (build 21.0.11+10-LTS)
# Java VM: OpenJDK 64-Bit Server VM Temurin-21.0.11+10 (21.0.11+10-LTS, mixed mode, sharing, tiered, compressed oops, compressed class ptrs, g1 gc, windows-amd64)
GC Precious Log:
 CardTable entry size: 512
 Card Set container configuration: InlinePtr #cards 5 size 8 Array Of Cards #cards 12 size 40 Howl #buckets 4 coarsen threshold 1843 Howl Bitmap #cards 512 size 80 coarsen threshold 460 Card regions per heap region 1 cards per card region 2048
 CPUs: 8 total, 8 available
 Memory: 7937M
 Large Page Support: Disabled
 NUMA Support: Disabled
 Compressed Oops: Enabled (32-bit)
 Heap Region Size: 1M
 Heap Min Capacity: 8M
 Heap Initial Capacity: 126M
 Heap Max Capacity: 1986M
 Pre-touch: Disabled
 Parallel Workers: 8
 Concurrent Workers: 2
 Concurrent Refinement Workers: 8
 Periodic GC: Disabled
Heap:
 garbage-first heap   total 265216K, used 250408K [0x0000000083e00000, 0x0000000100000000)
  region size 1024K, 124 young (126976K), 8 survivors (8192K)
 Metaspace       used 96936K, committed 97792K, reserved 1179648K
  class space    used 12990K, committed 13376K, reserved 1048576K
GC Heap History (20 events):
Event: 81.725 GC heap after
{Heap after GC invocations=61 (full 0):
 garbage-first heap   total 206848K, used 96032K [0x0000000083e00000, 0x0000000100000000)
  region size 1024K, 5 young (5120K), 5 survivors (5120K)
 Metaspace       used 95573K, committed 96512K, reserved 1179648K
  class space    used 12939K, committed 13376K, reserved 1048576K
}
Event: 82.929 GC heap before
{Heap before GC invocations=62 (full 0):
 garbage-first heap   total 206848K, used 194336K [0x0000000083e00000, 0x0000000100000000)
  region size 1024K, 101 young (103424K), 5 survivors (5120K)
 Metaspace       used 95621K, committed 96576K, reserved 1179648K
  class space    used 12939K, committed 13376K, reserved 1048576K
}
Event: 82.952 GC heap after
{Heap after GC invocations=63 (full 0):
 garbage-first heap   total 206848K, used 99597K [0x0000000083e00000, 0x0000000100000000)
  region size 1024K, 9 young (9216K), 9 survivors (9216K)
 Metaspace       used 95621K, committed 96576K, reserved 1179648K
  class space    used 12939K, committed 13376K, reserved 1048576K
}
Event: 84.756 GC heap before
{Heap before GC invocations=63 (full 0):
 garbage-first heap   total 206848K, used 194829K [0x0000000083e00000, 0x0000000100000000)
  region size 1024K, 102 young (104448K), 9 survivors (9216K)
 Metaspace       used 95722K, committed 96640K, reserved 1179648K
  class space    used 12939K, committed 13376K, reserved 1048576K
}
Event: 84.799 GC heap after
{Heap after GC invocations=64 (full 0):
 garbage-first heap   total 258048K, used 100314K [0x0000000083e00000, 0x0000000100000000)
  region size 1024K, 9 young (9216K), 9 survivors (9216K)
 Metaspace       used 95722K, committed 96640K, reserved 1179648K
  class space    used 12939K, committed 13376K, reserved 1048576K
}
Event: 87.800 GC heap before
{Heap before GC invocations=64 (full 0):
 garbage-first heap   total 258048K, used 240602K [0x0000000083e00000, 0x0000000100000000)
  region size 1024K, 146 young (149504K), 9 survivors (9216K)
 Metaspace       used 96140K, committed 97088K, reserved 1179648K
  class space    used 12964K, committed 13376K, reserved 1048576K
}
Event: 87.829 GC heap after
{Heap after GC invocations=65 (full 0):
 garbage-first heap   total 260096K, used 109680K [0x0000000083e00000, 0x0000000100000000)
  region size 1024K, 18 young (18432K), 18 survivors (18432K)
 Metaspace       used 96140K, committed 97088K, reserved 1179648K
  class space    used 12964K, committed 13376K, reserved 1048576K
}
Event: 88.551 GC heap before
{Heap before GC invocations=65 (full 0):
 garbage-first heap   total 260096K, used 238704K [0x0000000083e00000, 0x0000000100000000)
  region size 1024K, 144 young (147456K), 18 survivors (18432K)
 Metaspace       used 96178K, committed 97088K, reserved 1179648K
  class space    used 12965K, committed 13376K, reserved 1048576K
}
Event: 88.582 GC heap after
{Heap after GC invocations=66 (full 0):
 garbage-first heap   total 260096K, used 111982K [0x0000000083e00000, 0x0000000100000000)
  region size 1024K, 12 young (12288K), 12 survivors (12288K)
 Metaspace       used 96178K, committed 97088K, reserved 1179648K
  class space    used 12965K, committed 13376K, reserved 1048576K
}
Event: 89.941 GC heap before
{Heap before GC invocations=66 (full 0):
 garbage-first heap   total 260096K, used 242030K [0x0000000083e00000, 0x0000000100000000)
  region size 1024K, 139 young (142336K), 12 survivors (12288K)
 Metaspace       used 96222K, committed 97152K, reserved 1179648K
  class space    used 12966K, committed 13376K, reserved 1048576K
}
Event: 89.967 GC heap after
{Heap after GC invocations=67 (full 0):
 garbage-first heap   total 260096K, used 115464K [0x0000000083e00000, 0x0000000100000000)
  region size 1024K, 8 young (8192K), 8 survivors (8192K)
 Metaspace       used 96222K, committed 97152K, reserved 1179648K
  class space    used 12966K, committed 13376K, reserved 1048576K
}
Event: 92.445 GC heap before
{Heap before GC invocations=68 (full 0):
 garbage-first heap   total 260096K, used 243464K [0x0000000083e00000, 0x0000000100000000)
  region size 1024K, 133 young (136192K), 8 survivors (8192K)
 Metaspace       used 96380K, committed 97344K, reserved 1179648K
  class space    used 12967K, committed 13376K, reserved 1048576K
}
Event: 92.470 GC heap after
{Heap after GC invocations=69 (full 0):
 garbage-first heap   total 260096K, used 121989K [0x0000000083e00000, 0x0000000100000000)
  region size 1024K, 14 young (14336K), 14 survivors (14336K)
 Metaspace       used 96380K, committed 97344K, reserved 1179648K
  class space    used 12967K, committed 13376K, reserved 1048576K
}
Event: 94.147 GC heap before
{Heap before GC invocations=69 (full 0):
 garbage-first heap   total 260096K, used 242821K [0x0000000083e00000, 0x0000000100000000)
  region size 1024K, 132 young (135168K), 14 survivors (14336K)
 Metaspace       used 96688K, committed 97600K, reserved 1179648K
  class space    used 12990K, committed 13376K, reserved 1048576K
}
Event: 94.185 GC heap after
{Heap after GC invocations=70 (full 0):
 garbage-first heap   total 265216K, used 124401K [0x0000000083e00000, 0x0000000100000000)
  region size 1024K, 12 young (12288K), 12 survivors (12288K)
 Metaspace       used 96688K, committed 97600K, reserved 1179648K
  class space    used 12990K, committed 13376K, reserved 1048576K
}
Event: 94.935 GC heap before
{Heap before GC invocations=70 (full 0):
 garbage-first heap   total 265216K, used 248305K [0x0000000083e00000, 0x0000000100000000)
  region size 1024K, 133 young (136192K), 12 survivors (12288K)
 Metaspace       used 96720K, committed 97600K, reserved 1179648K
  class space    used 12990K, committed 13376K, reserved 1048576K
}
Event: 94.960 GC heap after
{Heap after GC invocations=71 (full 0):
 garbage-first heap   total 265216K, used 128000K [0x0000000083e00000, 0x0000000100000000)
  region size 1024K, 8 young (8192K), 8 survivors (8192K)
 Metaspace       used 96720K, committed 97600K, reserved 1179648K
  class space    used 12990K, committed 13376K, reserved 1048576K
}
Event: 96.391 GC heap before
{Heap before GC invocations=72 (full 0):
 garbage-first heap   total 265216K, used 250880K [0x0000000083e00000, 0x0000000100000000)
  region size 1024K, 128 young (131072K), 8 survivors (8192K)
 Metaspace       used 96750K, committed 97664K, reserved 1179648K
  class space    used 12990K, committed 13376K, reserved 1048576K
}
Event: 96.413 GC heap after
{Heap after GC invocations=73 (full 0):
 garbage-first heap   total 265216K, used 131624K [0x0000000083e00000, 0x0000000100000000)
  region size 1024K, 12 young (12288K), 12 survivors (12288K)
 Metaspace       used 96750K, committed 97664K, reserved 1179648K
  class space    used 12990K, committed 13376K, reserved 1048576K
}
Event: 99.195 GC heap before
{Heap before GC invocations=73 (full 0):
 garbage-first heap   total 265216K, used 250408K [0x0000000083e00000, 0x0000000100000000)
  region size 1024K, 128 young (131072K), 12 survivors (12288K)
 Metaspace       used 96936K, committed 97792K, reserved 1179648K
  class space    used 12990K, committed 13376K, reserved 1048576K
}

