<?xml version="1.0" encoding="UTF-8"?>
<testsuite xmlns:xsi="http://www.w3.org/2001/XMLSchema-instance" xsi:noNamespaceSchemaLocation="https://maven.apache.org/surefire/maven-surefire-plugin/xsd/surefire-test-report-3.0.xsd" version="3.0" name="com.dagacs.repository.AttendanceAuditLogRepositoryTest" time="16.37" tests="5" errors="0" skipped="0" failures="0">
  <properties>
[...]
</properties>
  <testcase name="saveAndRetrieve_validData" classname="com.dagacs.repository.AttendanceAuditLogRepositoryTest" time="0.743">
    <system-out><![CDATA[13:47:31.388 [main] INFO org.springframework.test.context.support.AnnotationConfigContextLoaderUtils -- Could not detect default configuration classes for test class [com.dagacs.repository.AttendanceAuditLogRepositoryTest]: AttendanceAuditLogRepositoryTest does not declare any static, non-private, non-final, nested classes annotated with @Configuration.
13:47:31.861 [main] INFO org.springframework.boot.test.context.SpringBootTestContextBootstrapper -- Found @SpringBootConfiguration com.dagacs.DagacsApplication for test class com.dagacs.repository.AttendanceAuditLogRepositoryTest
13:47:32.106 [main] INFO org.springframework.boot.devtools.restart.RestartApplicationListener -- Restart disabled due to context in which it is running

  .   ____          _            __ _ _
 /\\ / ___'_ __ _ _(_)_ __  __ _ \ \ \ \
( ( )\___ | '_ | '_| | '_ \/ _` | \ \ \ \
 \\/  ___)| |_)| | | | | || (_| |  ) ) ) )
  '  |____| .__|_| |_|_| |_\__, | / / / /
 =========|_|==============|___/=/_/_/_/
 :: Spring Boot ::                (v3.2.0)

2026-09-25T13:47:32.553+05:30  INFO 13020 --- [dagacs] [           main] c.d.r.AttendanceAuditLogRepositoryTest   : Starting AttendanceAuditLogRepositoryTest using Java 21.0.11 with PID 13020 (started by sunilsolanki in D:\DAGACS\backend)
2026-09-25T13:47:32.553+05:30  INFO 13020 --- [dagacs] [           main] c.d.r.AttendanceAuditLogRepositoryTest   : No active profile set, falling back to 1 default profile: "default"
2026-09-25T13:47:34.907+05:30  INFO 13020 --- [dagacs] [           main] .s.d.r.c.RepositoryConfigurationDelegate : Bootstrapping Spring Data JPA repositories in DEFAULT mode.
2026-09-25T13:47:35.053+05:30  INFO 13020 --- [dagacs] [           main] .s.d.r.c.RepositoryConfigurationDelegate : Finished Spring Data repository scanning in 127 ms. Found 22 JPA repository interfaces.
2026-09-25T13:47:36.176+05:30  INFO 13020 --- [dagacs] [           main] com.zaxxer.hikari.HikariDataSource       : HikariPool-1 - Starting...
2026-09-25T13:47:36.429+05:30  INFO 13020 --- [dagacs] [           main] com.zaxxer.hikari.pool.HikariPool        : HikariPool-1 - Added connection com.mysql.cj.jdbc.ConnectionImpl@38054d01
2026-09-25T13:47:36.431+05:30  INFO 13020 --- [dagacs] [           main] com.zaxxer.hikari.HikariDataSource       : HikariPool-1 - Start completed.
2026-09-25T13:47:36.550+05:30  INFO 13020 --- [dagacs] [           main] o.f.c.internal.license.VersionPrinter    : Flyway Community Edition 9.22.3 by Redgate
2026-09-25T13:47:36.550+05:30  INFO 13020 --- [dagacs] [           main] o.f.c.internal.license.VersionPrinter    : See release notes here: https://rd.gt/416ObMi
2026-09-25T13:47:36.550+05:30  INFO 13020 --- [dagacs] [           main] o.f.c.internal.license.VersionPrinter    : 
2026-09-25T13:47:36.658+05:30  INFO 13020 --- [dagacs] [           main] org.flywaydb.core.FlywayExecutor         : Database: jdbc:mysql://localhost:3306/dagacs (MySQL 5.5)
2026-09-25T13:47:36.880+05:30  INFO 13020 --- [dagacs] [           main] o.f.core.internal.command.DbValidate     : Successfully validated 5 migrations (execution time 00:00.177s)
2026-09-25T13:47:36.912+05:30  INFO 13020 --- [dagacs] [           main] o.f.core.internal.command.DbMigrate      : Current version of schema `dagacs`: 4
2026-09-25T13:47:36.925+05:30  INFO 13020 --- [dagacs] [           main] o.f.core.internal.command.DbMigrate      : Schema `dagacs` is up to date. No migration necessary.
2026-09-25T13:47:37.270+05:30  INFO 13020 --- [dagacs] [           main] o.hibernate.jpa.internal.util.LogHelper  : HHH000204: Processing PersistenceUnitInfo [name: default]
2026-09-25T13:47:37.440+05:30  INFO 13020 --- [dagacs] [           main] org.hibernate.Version                    : HHH000412: Hibernate ORM core version 6.3.1.Final
2026-09-25T13:47:37.526+05:30  INFO 13020 --- [dagacs] [           main] o.h.c.internal.RegionFactoryInitiator    : HHH000026: Second-level cache disabled
2026-09-25T13:47:37.875+05:30  INFO 13020 --- [dagacs] [           main] o.s.o.j.p.SpringPersistenceUnitInfo      : No LoadTimeWeaver setup: ignoring JPA class transformer
2026-09-25T13:47:37.956+05:30  WARN 13020 --- [dagacs] [           main] org.hibernate.dialect.Dialect            : HHH000511: The 5.5.0 version for [org.hibernate.dialect.MySQLDialect] is no longer supported, hence certain features may not work properly. The minimum supported version is 5.7.0. Check the community dialects project for available legacy versions.
2026-09-25T13:47:37.964+05:30  WARN 13020 --- [dagacs] [           main] org.hibernate.orm.deprecation            : HHH90000025: MySQLDialect does not need to be specified explicitly using 'hibernate.dialect' (remove the property setting and it will be selected by default)
2026-09-25T13:47:39.313+05:30  INFO 13020 --- [dagacs] [           main] o.h.e.t.j.p.i.JtaPlatformInitiator       : HHH000489: No JTA platform available (set 'hibernate.transaction.jta.platform' to enable JTA platform integration)
2026-09-25T13:47:39.640+05:30  INFO 13020 --- [dagacs] [           main] j.LocalContainerEntityManagerFactoryBean : Initialized JPA EntityManagerFactory for persistence unit 'default'
2026-09-25T13:47:41.080+05:30  INFO 13020 --- [dagacs] [           main] o.s.d.j.r.query.QueryEnhancerFactory     : Hibernate is in classpath; If applicable, HQL parser will be used.
2026-09-25T13:47:44.763+05:30  INFO 13020 --- [dagacs] [           main] o.s.b.a.e.web.EndpointLinksResolver      : Exposing 1 endpoint(s) beneath base path '/actuator'
2026-09-25T13:47:44.863+05:30  INFO 13020 --- [dagacs] [           main] o.s.s.web.DefaultSecurityFilterChain     : Will secure any request with [org.springframework.security.web.session.DisableEncodeUrlFilter@32620f7e, org.springframework.security.web.context.request.async.WebAsyncManagerIntegrationFilter@a2fd814, org.springframework.security.web.context.SecurityContextHolderFilter@34389c01, org.springframework.security.web.header.HeaderWriterFilter@5b712909, org.springframework.web.filter.CorsFilter@611ce57a, org.springframework.security.web.authentication.logout.LogoutFilter@50cd40dd, com.dagacs.security.LoginRateLimitFilter@591e3e5e, com.dagacs.security.JwtAuthenticationFilter@569242a8, org.springframework.security.web.savedrequest.RequestCacheAwareFilter@456c40af, org.springframework.security.web.servletapi.SecurityContextHolderAwareRequestFilter@9ea0ce9, org.springframework.security.web.authentication.AnonymousAuthenticationFilter@5c6215f1, org.springframework.security.web.session.SessionManagementFilter@89a489d, org.springframework.security.web.access.ExceptionTranslationFilter@32296d67, org.springframework.security.web.access.intercept.AuthorizationFilter@6b3c3bbc]
2026-09-25T13:47:45.726+05:30  INFO 13020 --- [dagacs] [           main] c.d.r.AttendanceAuditLogRepositoryTest   : Started AttendanceAuditLogRepositoryTest in 13.631 seconds (process running for 16.051)
2026-09-25T13:47:45.888+05:30  INFO 13020 --- [dagacs] [           main] d.c.AcademicSessionLegacySchemaMigration : Schema migration: legacy column 'academic_sessions.semester' is already nullable; no change required.
2026-09-25T13:47:45.896+05:30  INFO 13020 --- [dagacs] [           main] d.c.AcademicSessionLegacySchemaMigration : Schema migration: legacy column 'academic_sessions.duration_hours' is already nullable; no change required.
2026-09-25T13:47:45.904+05:30  INFO 13020 --- [dagacs] [           main] d.c.AcademicSessionLegacySchemaMigration : Schema migration: legacy column 'academic_sessions.lecture_periods' is already nullable; no change required.
2026-09-25T13:47:45.911+05:30  INFO 13020 --- [dagacs] [           main] d.c.AcademicSessionLegacySchemaMigration : Schema migration: legacy column 'academic_sessions.credits' is already nullable; no change required.
2026-09-25T13:47:45.919+05:30  INFO 13020 --- [dagacs] [           main] d.c.AcademicSessionLegacySchemaMigration : Schema migration: legacy column 'subjects.department' is already nullable; no change required.
2026-09-25T13:47:45.993+05:30  INFO 13020 --- [dagacs] [           main] c.d.c.AttendanceStudentSchemaMigration   : Schema migration: 'students'.email already exists; no change required.
2026-09-25T13:47:46.001+05:30  INFO 13020 --- [dagacs] [           main] c.d.c.AttendanceStudentSchemaMigration   : Schema migration: unique index 'uk_student_email' on 'students' already exists; no change required.
2026-09-25T13:47:46.018+05:30  INFO 13020 --- [dagacs] [           main] c.d.c.AuditLogReasonSchemaMigration      : Schema migration: 'attendance_audit_logs.reason' is already nullable; no change required.
2026-09-25T13:47:46.244+05:30  INFO 13020 --- [dagacs] [           main] .d.c.BatchLevelAttendanceSchemaMigration : Batch-level attendance migration: schema review complete.
2026-09-25T13:47:46.244+05:30  INFO 13020 --- [dagacs] [           main] c.d.c.SectionSubjectSchemaMigration      : Schema migration: 'sections.subject_id' is already nullable; no change required.
2026-09-25T13:47:46.284+05:30  INFO 13020 --- [dagacs] [           main] c.d.c.TeacherAssignmentSchemaMigration   : Teacher-assignment migration: backfilled 0 legacy row(s) from subject_id.
2026-09-25T13:47:46.284+05:30  INFO 13020 --- [dagacs] [           main] c.d.c.TeacherAssignmentSchemaMigration   : Teacher-assignment migration: 0 row(s) without a subject_offering_id remain.
2026-09-25T13:47:46.284+05:30  INFO 13020 --- [dagacs] [           main] c.d.c.TeacherAssignmentSchemaMigration   : Teacher-assignment migration: 0 duplicate (teacher, offering, section) triples detected.
2026-09-25T13:47:46.303+05:30  INFO 13020 --- [dagacs] [           main] c.d.c.TeacherAssignmentSchemaMigration   : Teacher-assignment migration: schema hardened — subject_offering_id enforced NOT NULL and uk_assignment added (no unmapped rows, no duplicates).
2026-09-25T13:47:46.308+05:30  INFO 13020 --- [dagacs] [           main] c.d.config.TeacherHodSchemaMigration     : Schema migration: 'teachers.is_hod' already exists; no change required.
2026-09-25T13:47:46.321+05:30  INFO 13020 --- [dagacs] [           main] c.d.config.TeacherHodSchemaMigration     : Schema migration: 'teachers.department_id' already exists; no change required.
2026-09-25T13:47:46.321+05:30  INFO 13020 --- [dagacs] [           main] c.d.config.TeacherHodSchemaMigration     : Schema migration: foreign key 'fk_teacher_department' already exists; no change required.
]]></system-out>
    <system-err><![CDATA[WARNING: A Java agent has been loaded dynamically (C:\Users\sunil\.m2\repository\net\bytebuddy\byte-buddy-agent\1.14.10\byte-buddy-agent-1.14.10.jar)
WARNING: If a serviceability tool is in use, please run with -XX:+EnableDynamicAgentLoading to hide this warning
WARNING: If a serviceability tool is not in use, please run with -Djdk.instrument.traceUsage for more information
WARNING: Dynamic loading of agents will be disallowed by default in a future release
]]></system-err>
  </testcase>
  <testcase name="findByStudentId_returnsLogs" classname="com.dagacs.repository.AttendanceAuditLogRepositoryTest" time="0.056"/>
  <testcase name="reasonNullable_saveWithNullReason_succeeds" classname="com.dagacs.repository.AttendanceAuditLogRepositoryTest" time="0.032"/>
  <testcase name="snapshotFields_persistCorrectly" classname="com.dagacs.repository.AttendanceAuditLogRepositoryTest" time="0.035"/>
  <testcase name="findByAttendanceId_returnsLogs" classname="com.dagacs.repository.AttendanceAuditLogRepositoryTest" time="0.046"/>
</testsuite>