<?xml version="1.0" encoding="UTF-8"?>
<testsuite xmlns:xsi="http://www.w3.org/2001/XMLSchema-instance" xsi:noNamespaceSchemaLocation="https://maven.apache.org/surefire/maven-surefire-plugin/xsd/surefire-test-report-3.0.xsd" version="3.0" name="com.dagacs.controller.BatchControllerTest" time="2.018" tests="13" errors="0" skipped="0" failures="0">
  <properties>
[...]
</properties>
  <testcase name="getBatchById_returns200" classname="com.dagacs.controller.BatchControllerTest" time="0.016">
    <system-out><![CDATA[2026-09-11T10:22:34.486+05:30  INFO 24760 --- [dagacs] [           main] t.c.s.AnnotationConfigContextLoaderUtils : Could not detect default configuration classes for test class [com.dagacs.controller.BatchControllerTest]: BatchControllerTest does not declare any static, non-private, non-final, nested classes annotated with @Configuration.
2026-09-11T10:22:34.486+05:30  INFO 24760 --- [dagacs] [           main] .b.t.c.SpringBootTestContextBootstrapper : Found @SpringBootConfiguration com.dagacs.DagacsApplication for test class com.dagacs.controller.BatchControllerTest
2026-09-11T10:22:34.496+05:30  INFO 24760 --- [dagacs] [           main] o.s.b.d.r.RestartApplicationListener     : Restart disabled due to context in which it is running

  .   ____          _            __ _ _
 /\\ / ___'_ __ _ _(_)_ __  __ _ \ \ \ \
( ( )\___ | '_ | '_| | '_ \/ _` | \ \ \ \
 \\/  ___)| |_)| | | | | || (_| |  ) ) ) )
  '  |____| .__|_| |_|_| |_\__, | / / / /
 =========|_|==============|___/=/_/_/_/
 :: Spring Boot ::                (v3.2.0)

2026-09-11T10:22:34.511+05:30  INFO 24760 --- [dagacs] [           main] c.dagacs.controller.BatchControllerTest  : Starting BatchControllerTest using Java 21.0.11 with PID 24760 (started by sunilsolanki in D:\DAGACS\backend)
2026-09-11T10:22:34.512+05:30  INFO 24760 --- [dagacs] [           main] c.dagacs.controller.BatchControllerTest  : No active profile set, falling back to 1 default profile: "default"
2026-09-11T10:22:34.682+05:30  INFO 24760 --- [dagacs] [           main] .s.d.r.c.RepositoryConfigurationDelegate : Bootstrapping Spring Data JPA repositories in DEFAULT mode.
2026-09-11T10:22:34.708+05:30  INFO 24760 --- [dagacs] [           main] .s.d.r.c.RepositoryConfigurationDelegate : Finished Spring Data repository scanning in 22 ms. Found 21 JPA repository interfaces.
2026-09-11T10:22:34.930+05:30  INFO 24760 --- [dagacs] [           main] o.hibernate.jpa.internal.util.LogHelper  : HHH000204: Processing PersistenceUnitInfo [name: default]
2026-09-11T10:22:34.932+05:30  INFO 24760 --- [dagacs] [           main] o.h.c.internal.RegionFactoryInitiator    : HHH000026: Second-level cache disabled
2026-09-11T10:22:34.934+05:30  INFO 24760 --- [dagacs] [           main] o.s.o.j.p.SpringPersistenceUnitInfo      : No LoadTimeWeaver setup: ignoring JPA class transformer
2026-09-11T10:22:34.934+05:30  INFO 24760 --- [dagacs] [           main] com.zaxxer.hikari.HikariDataSource       : HikariPool-6 - Starting...
2026-09-11T10:22:34.938+05:30  INFO 24760 --- [dagacs] [           main] com.zaxxer.hikari.pool.HikariPool        : HikariPool-6 - Added connection com.mysql.cj.jdbc.ConnectionImpl@15afacf2
2026-09-11T10:22:34.938+05:30  INFO 24760 --- [dagacs] [           main] com.zaxxer.hikari.HikariDataSource       : HikariPool-6 - Start completed.
2026-09-11T10:22:34.939+05:30  WARN 24760 --- [dagacs] [           main] org.hibernate.dialect.Dialect            : HHH000511: The 5.5.0 version for [org.hibernate.dialect.MySQLDialect] is no longer supported, hence certain features may not work properly. The minimum supported version is 5.7.0. Check the community dialects project for available legacy versions.
2026-09-11T10:22:34.939+05:30  WARN 24760 --- [dagacs] [           main] org.hibernate.orm.deprecation            : HHH90000025: MySQLDialect does not need to be specified explicitly using 'hibernate.dialect' (remove the property setting and it will be selected by default)
2026-09-11T10:22:35.084+05:30  INFO 24760 --- [dagacs] [           main] o.h.e.t.j.p.i.JtaPlatformInitiator       : HHH000489: No JTA platform available (set 'hibernate.transaction.jta.platform' to enable JTA platform integration)
2026-09-11T10:22:35.215+05:30  INFO 24760 --- [dagacs] [           main] j.LocalContainerEntityManagerFactoryBean : Initialized JPA EntityManagerFactory for persistence unit 'default'
2026-09-11T10:22:36.062+05:30  INFO 24760 --- [dagacs] [           main] o.s.b.a.e.web.EndpointLinksResolver      : Exposing 1 endpoint(s) beneath base path '/actuator'
2026-09-11T10:22:36.078+05:30  INFO 24760 --- [dagacs] [           main] o.s.s.web.DefaultSecurityFilterChain     : Will secure any request with [org.springframework.security.web.session.DisableEncodeUrlFilter@5717b53a, org.springframework.security.web.context.request.async.WebAsyncManagerIntegrationFilter@39f2687b, org.springframework.security.web.context.SecurityContextHolderFilter@7c8f8702, org.springframework.security.web.header.HeaderWriterFilter@4533f399, org.springframework.web.filter.CorsFilter@8ddabe1, org.springframework.security.web.authentication.logout.LogoutFilter@5006c536, com.dagacs.security.LoginRateLimitFilter@5c4759b6, com.dagacs.security.JwtAuthenticationFilter@7ed1f5ae, org.springframework.security.web.savedrequest.RequestCacheAwareFilter@5da607d, org.springframework.security.web.servletapi.SecurityContextHolderAwareRequestFilter@28b2541c, org.springframework.security.web.authentication.AnonymousAuthenticationFilter@587ef1d1, org.springframework.security.web.session.SessionManagementFilter@5c5027ac, org.springframework.security.web.access.ExceptionTranslationFilter@516a842f, org.springframework.security.web.access.intercept.AuthorizationFilter@77f84eea]
2026-09-11T10:22:36.237+05:30  INFO 24760 --- [dagacs] [           main] o.s.b.t.m.w.SpringBootMockServletContext : Initializing Spring TestDispatcherServlet ''
2026-09-11T10:22:36.237+05:30  INFO 24760 --- [dagacs] [           main] o.s.t.web.servlet.TestDispatcherServlet  : Initializing Servlet ''
2026-09-11T10:22:36.237+05:30  INFO 24760 --- [dagacs] [           main] o.s.t.web.servlet.TestDispatcherServlet  : Completed initialization in 0 ms
2026-09-11T10:22:36.237+05:30  INFO 24760 --- [dagacs] [           main] c.dagacs.controller.BatchControllerTest  : Started BatchControllerTest in 1.741 seconds (process running for 33.644)
2026-09-11T10:22:36.272+05:30  INFO 24760 --- [dagacs] [           main] d.c.AcademicSessionLegacySchemaMigration : Schema migration: legacy column 'academic_sessions.semester' is already nullable; no change required.
2026-09-11T10:22:36.280+05:30  INFO 24760 --- [dagacs] [           main] d.c.AcademicSessionLegacySchemaMigration : Schema migration: legacy column 'academic_sessions.duration_hours' is already nullable; no change required.
2026-09-11T10:22:36.284+05:30  INFO 24760 --- [dagacs] [           main] d.c.AcademicSessionLegacySchemaMigration : Schema migration: legacy column 'academic_sessions.lecture_periods' is already nullable; no change required.
2026-09-11T10:22:36.284+05:30  INFO 24760 --- [dagacs] [           main] d.c.AcademicSessionLegacySchemaMigration : Schema migration: legacy column 'academic_sessions.credits' is already nullable; no change required.
2026-09-11T10:22:36.284+05:30  INFO 24760 --- [dagacs] [           main] d.c.AcademicSessionLegacySchemaMigration : Schema migration: legacy column 'subjects.department' is already nullable; no change required.
2026-09-11T10:22:36.319+05:30  INFO 24760 --- [dagacs] [           main] c.d.c.AttendanceStudentSchemaMigration   : Schema migration: 'students'.email already exists; no change required.
2026-09-11T10:22:36.335+05:30  INFO 24760 --- [dagacs] [           main] c.d.c.AttendanceStudentSchemaMigration   : Schema migration: unique index 'uk_student_email' on 'students' already exists; no change required.
2026-09-11T10:22:36.348+05:30  INFO 24760 --- [dagacs] [           main] c.d.c.AuditLogReasonSchemaMigration      : Schema migration: 'attendance_audit_logs.reason' is already nullable; no change required.
2026-09-11T10:22:36.354+05:30  INFO 24760 --- [dagacs] [           main] c.d.c.SectionSubjectSchemaMigration      : Schema migration: 'sections.subject_id' is already nullable; no change required.
2026-09-11T10:22:36.369+05:30  INFO 24760 --- [dagacs] [           main] c.d.c.TeacherAssignmentSchemaMigration   : Teacher-assignment migration: backfilled 0 legacy row(s) from subject_id.
2026-09-11T10:22:36.369+05:30  INFO 24760 --- [dagacs] [           main] c.d.c.TeacherAssignmentSchemaMigration   : Teacher-assignment migration: 0 row(s) without a subject_offering_id remain.
2026-09-11T10:22:36.369+05:30  INFO 24760 --- [dagacs] [           main] c.d.c.TeacherAssignmentSchemaMigration   : Teacher-assignment migration: 0 duplicate (teacher, offering, section) triples detected.
2026-09-11T10:22:36.388+05:30  INFO 24760 --- [dagacs] [           main] c.d.c.TeacherAssignmentSchemaMigration   : Teacher-assignment migration: schema hardened — subject_offering_id enforced NOT NULL and uk_assignment added (no unmapped rows, no duplicates).
2026-09-11T10:22:36.396+05:30  INFO 24760 --- [dagacs] [           main] c.d.config.TeacherHodSchemaMigration     : Schema migration: 'teachers.is_hod' already exists; no change required.
2026-09-11T10:22:36.400+05:30  INFO 24760 --- [dagacs] [           main] c.d.config.TeacherHodSchemaMigration     : Schema migration: 'teachers.department_id' already exists; no change required.
2026-09-11T10:22:36.401+05:30  INFO 24760 --- [dagacs] [           main] c.d.config.TeacherHodSchemaMigration     : Schema migration: foreign key 'fk_teacher_department' already exists; no change required.
]]></system-out>
  </testcase>
  <testcase name="deleteBatch_returns204" classname="com.dagacs.controller.BatchControllerTest" time="0.0"/>
  <testcase name="createBatch_duplicateBatchCode_returns409" classname="com.dagacs.controller.BatchControllerTest" time="0.031"/>
  <testcase name="updateBatch_returns200" classname="com.dagacs.controller.BatchControllerTest" time="0.004"/>
  <testcase name="createBatch_invalidSession_returns404" classname="com.dagacs.controller.BatchControllerTest" time="0.003"/>
  <testcase name="deleteBatch_withSections_returns409" classname="com.dagacs.controller.BatchControllerTest" time="0.0"/>
  <testcase name="getSectionsByBatch_returns200" classname="com.dagacs.controller.BatchControllerTest" time="0.0"/>
  <testcase name="createBatch_missingSession_returns400" classname="com.dagacs.controller.BatchControllerTest" time="0.016"/>
  <testcase name="createBatch_valid_returns201" classname="com.dagacs.controller.BatchControllerTest" time="0.0"/>
  <testcase name="createBatch_blankName_returns400" classname="com.dagacs.controller.BatchControllerTest" time="0.0"/>
  <testcase name="getAllBatches_returns200" classname="com.dagacs.controller.BatchControllerTest" time="0.017"/>
  <testcase name="createBatch_nonAdmin_returns403" classname="com.dagacs.controller.BatchControllerTest" time="0.007"/>
  <testcase name="createBatch_noToken_returns401" classname="com.dagacs.controller.BatchControllerTest" time="0.004"/>
</testsuite>